# V_std   s_V   (b-y)_s  s_by 
  16.281   .034    .476   .045
  12.443   .022    .402   .033
  12.581   .022    .389   .032
  11.216   .031    .662   .046
  16.407   .036    .568   .049
  13.835   .023    .382   .033
  16.808   .047    .759   .065
  17.245   .049    .713   .070
  12.105   .029    .615   .043
  13.648   .022    .382   .033
  12.787   .025    .502   .037
  16.240   .035    .615   .050
  12.672   .022    .386   .032
  15.521   .029    .510   .041
  13.748   .023    .401   .034
  12.071   .029    .605   .042
  13.347   .022    .341   .032
  12.924   .027    .563   .040
  14.446   .024    .427   .034
  11.067   .025    .074   .037
  11.399   .025    .084   .037
  10.450   .033    .699   .049
  13.529   .023    .399   .033
  12.864   .025    .488   .036
  16.429   .039    .587   .052
  12.751   .022    .370   .032
  16.425   .040    .584   .052
  12.313   .022    .377   .032
  13.237   .022    .382   .033
  13.739   .022    .384   .033
  13.914   .023    .383   .033
  13.038   .026    .536   .038
  12.689   .022    .398   .033
  12.877   .022    .374   .032
  15.742   .030    .531   .042
  15.587   .029    .505   .041
  13.687   .023    .381   .033
  16.431   .042    .709   .058
  13.826   .023    .395   .033
  16.000   .036    .636   .050
  14.036   .024    .448   .035
  17.021   .058    .939   .085
  16.038   .031    .521   .044
  16.213   .031    .488   .044
  11.412   .022    .190   .033
  16.750   .042    .660   .059
  13.367   .022    .394   .033
  15.756   .030    .531   .042
  15.411   .029    .503   .040
  15.677   .030    .484   .041
  16.615   .043    .682   .058
  16.220   .067    .618   .097
  16.015   .029    .394   .040
  16.914   .053    .783   .071
  15.983   .032    .506   .043
  13.391   .023    .395   .033
  12.954   .028    .571   .041
  12.783   .025    .481   .036
  10.718   .034    .721   .050
  13.132   .022    .386   .033
  15.747   .031    .542   .043
  17.260   .048    .527   .061
  15.510   .034    .662   .049
  17.540   .055    .479   .068
  11.602   .030    .638   .044
  12.734   .023    .407   .034
  16.106   .031    .418   .041
  13.885   .023    .381   .033
  13.820   .023    .395   .033
  16.475   .040    .651   .056
  12.281   .022    .376   .032
  15.498   .031    .585   .045
  13.437   .022    .390   .033
  12.618   .022    .383   .032
  15.535   .029    .528   .042
  17.238   .059    .923   .085
  12.716   .024    .457   .035
  12.247   .030    .622   .044
  16.739   .035    .463   .047
  15.480   .032    .595   .045
  12.896   .022    .354   .032
  11.009   .023    .161   .034
  14.217   .023    .406   .034
  13.732   .022    .367   .032
  17.612   .058    .623   .077
  13.234   .023    .406   .033
  15.223   .027    .486   .039
  12.753   .022    .384   .032
  15.755   .031    .561   .044
  11.182   .024    .116   .036
  17.781   .076    .891   .104
  12.325   .023    .166   .033
  12.686   .022    .391   .033
  16.363   .038    .682   .055
  14.036   .023    .417   .034
  13.115   .022    .390   .033
  15.444   .029    .529   .041
  16.724   .034    .442   .046
  14.930   .026    .476   .037
  17.511   .061    .848   .084
  16.555   .043    .749   .061
  15.891   .034    .637   .049
  13.187   .022    .392   .033
  15.757   .033    .628   .047
  17.651   .066    .811   .088
  14.137   .023    .407   .034
  14.401   .025    .482   .037
  12.873   .022    .401   .033
  15.736   .031    .585   .045
  10.512   .032    .684   .048
  17.575   .061    .758   .084
  13.851   .023    .409   .033
  12.695   .023    .448   .034
  15.806   .033    .606   .047
  12.852   .022    .386   .032
  12.814   .021    .325   .031
  16.616   .042    .698   .059
  14.665   .026    .500   .038
  14.201   .024    .428   .035
  17.605   .068    .979   .100
  12.789   .022    .393   .033
  17.182   .051    .700   .068
  13.540   .022    .373   .032
  13.292   .022    .369   .032
  16.192   .035    .590   .049
  17.662   .071    .896   .100
  15.587   .030    .524   .042
  12.591   .022    .388   .033
  13.316   .022    .392   .033
  14.202   .024    .453   .035
  16.984   .052    .709   .067
  12.878   .022    .375   .032
  11.489   .027    .548   .039
  16.258   .036    .574   .049
  16.419   .043    .687   .058
  16.276   .031    .395   .041
  13.346   .022    .379   .033
  16.680   .047    .682   .061
  15.713   .031    .559   .044
  13.250   .022    .374   .032
  15.313   .028    .495   .040
  11.422   .031    .645   .045
  17.151   .053    .688   .069
  15.248   .028    .483   .039
  16.284   .035    .575   .048
  13.155   .022    .392   .033
  15.849   .035    .604   .047
  12.968   .021    .300   .031
  11.268   .022    .299   .032
  13.208   .022    .378   .032
  12.823   .022    .366   .032
  12.203   .022    .308   .032
  16.908   .044    .597   .060
  16.566   .044    .670   .059
  15.693   .031    .524   .043
  12.584   .022    .388   .032
  12.601   .025    .496   .036
  16.783   .048    .746   .065
  13.481   .023    .392   .033
  15.628   .033    .600   .046
  14.348   .023    .415   .034
  12.771   .022    .374   .032
  15.806   .035    .618   .049
  13.553   .022    .377   .032
  13.133   .022    .370   .032
  14.197   .024    .443   .035
  17.539   .063    .815   .085
  11.123   .031    .660   .046
  13.219   .022    .368   .032
  12.427   .024    .477   .035
  16.132   .039    .702   .054
  13.212   .022    .386   .033
  13.509   .022    .390   .033
  13.587   .023    .428   .034
  14.414   .022    .353   .033
  15.466   .028    .510   .040
  13.005   .026    .529   .038
  12.730   .022    .339   .032
  15.057   .025    .462   .037
  12.849   .022    .375   .032
  14.194   .023    .392   .033
  15.419   .028    .511   .039
  15.324   .027    .466   .038
  17.461   .052    .685   .069
  13.435   .022    .384   .033
  13.657   .022    .368   .032
  13.525   .031    .640   .045
  16.779   .037    .439   .047
  10.497   .033    .689   .048
  17.721   .073    .876   .098
  13.268   .022    .384   .033
  16.673   .036    .484   .047
  15.423   .031    .565   .043
  16.611   .043    .623   .056
  16.408   .039    .557   .050
  14.600   .024    .429   .035
  13.428   .022    .378   .032
  17.029   .047    .698   .064
  13.483   .022    .370   .032
  17.257   .052    .786   .074
  13.833   .023    .402   .033
  12.396   .028    .584   .041
  13.623   .022    .390   .033
  16.825   .036    .406   .047
  15.572   .031    .582   .044
  11.639   .021    .272   .031
  15.388   .028    .521   .041
  15.923   .028    .472   .041
  12.615   .024    .456   .035
  16.413   .037    .635   .053
  13.378   .023    .393   .033
  15.748   .034    .640   .049
  13.810   .023    .389   .033
  15.679   .033    .620   .047
  14.091   .024    .452   .036
  17.760   .069    .835   .095
  17.560   .062    .877   .090
  17.174   .055    .800   .076
  12.706   .022    .404   .033
  14.591   .028    .550   .040
  15.615   .025    .379   .036
  16.354   .036    .633   .052
  17.326   .049    .674   .069
  17.510   .062    .830   .084
  13.560   .022    .393   .033
  12.720   .023    .399   .033
  16.755   .042    .693   .061
  12.774   .024    .472   .036
  17.179   .052    .754   .070
  13.503   .023    .402   .033
  16.675   .038    .579   .052
  16.165   .036    .624   .050
  13.844   .022    .376   .033
  15.624   .030    .526   .042
  14.695   .025    .462   .037
  16.218   .037    .653   .052
  16.235   .039    .698   .055
  14.166   .023    .414   .034
  13.704   .024    .392   .034
  15.971   .033    .567   .046
  17.354   .054    .736   .073
  13.596   .023    .379   .033
  15.228   .027    .468   .038
  17.745   .067    .532   .080
  17.244   .066    .514   .076
  16.234   .038    .443   .047
  12.938   .027    .529   .039
  16.527   .042    .608   .055
  16.447   .044    .715   .060
  13.684   .023    .352   .033
  16.517   .037    .382   .046
  15.418   .030    .465   .041
  16.796   .042    .654   .058
  16.536   .039    .621   .053
  16.812   .045    .678   .060
  17.295   .054    .670   .070
  17.294   .056    .704   .073
  15.507   .031    .521   .044
  17.331   .053    .720   .071
  16.440   .037    .560   .050
  16.702   .043    .647   .058
  17.199   .052    .768   .073
  17.069   .050    .701   .068
  17.210   .052    .663   .069
  17.163   .050    .655   .067
  17.215   .050    .642   .067
  16.905   .047    .701   .064
  16.862   .044    .619   .058
  17.552   .049    .327   .060
  16.271   .037    .403   .048
  17.272   .058    .772   .076
  17.600   .069    .543   .082
  13.419   .023    .399   .033
  17.939   .074    .720   .094
  11.484   .030    .631   .044
  14.982   .026    .454   .037
  14.136   .024    .403   .034
  14.936   .027    .485   .038
  15.359   .027    .487   .039
  18.111   .072    .498   .091
  15.209   .028    .507   .040
  14.510   .024    .426   .035
  15.307   .028    .516   .040
  14.633   .024    .428   .036
  14.973   .027    .513   .039
  15.275   .027    .493   .039
  15.189   .027    .490   .039
  14.213   .023    .409   .034
  14.636   .024    .440   .035
  12.667   .022    .377   .033
  12.735   .022    .389   .032
  14.917   .026    .473   .038
  17.839   .066    .774   .090
  15.012   .026    .494   .038
  14.987   .028    .552   .041
  14.791   .023    .352   .033
  15.386   .025    .387   .036
  18.303   .081    .439   .096
  14.773   .025    .450   .036
  14.545   .025    .463   .036
  14.981   .027    .465   .038
  15.116   .027    .479   .038
  13.816   .023    .393   .033
  14.364   .026    .510   .038
  13.331   .021    .320   .031
  11.341   .022    .414   .033
  14.355   .024    .426   .034
  17.978   .074    .305   .084
  17.990   .079    .827   .102
  15.402   .031    .564   .043
  14.366   .023    .371   .033
  15.176   .026    .462   .037
  13.952   .023    .388   .033
  14.919   .026    .463   .037
  18.136   .083    .619   .099
  15.561   .029    .523   .041
  14.946   .025    .470   .037
  15.107   .026    .470   .038
  13.618   .022    .394   .033
  15.033   .027    .488   .039
  15.024   .026    .462   .037
  14.767   .027    .496   .039
  14.663   .024    .445   .035
  17.802   .058    .523   .076
  14.837   .026    .470   .037
  12.779   .026    .523   .039
  14.679   .026    .501   .038
  14.868   .026    .475   .037
  12.881   .029    .593   .042
  14.701   .026    .481   .038
  15.081   .027    .477   .038
  12.027   .023    .406   .033
  15.361   .026    .390   .036
  14.455   .026    .453   .037
  18.152   .089    .830   .119
  14.728   .027    .429   .039
  12.692   .024    .347   .036
  18.326   .085    .404   .096
  14.598   .025    .430   .036
  13.989   .024    .365   .034
  16.271   .038    .483   .048
  18.165   .069    .248   .079
  17.956   .065    .480   .078
  17.884   .065    .574   .080
  12.915   .024    .332   .035
  18.229   .081    .256   .090
  15.520   .031    .496   .043
  15.374   .029    .387   .039
  15.549   .030    .496   .043
  15.717   .032    .521   .045
  12.938   .029    .333   .039
  15.648   .030    .388   .040
  13.428   .035    .355   .045
  13.655   .038    .291   .047
  16.303   .041    .333   .051
  16.695   .059    .451   .084
  13.752   .023    .411   .033
  14.042   .023    .409   .034
  14.174   .023    .391   .033
  13.294   .022    .381   .032
  14.212   .024    .415   .034
  10.445   .032    .667   .046
  14.242   .024    .419   .035
  14.103   .023    .418   .034
  14.004   .023    .384   .033
  13.923   .023    .383   .033
  13.977   .023    .391   .033
  17.642   .063    .902   .088
  12.875   .022    .387   .033
  12.867   .022    .367   .033
  11.148   .021    .294   .031
  14.215   .024    .411   .035
  14.917   .025    .451   .036
  14.847   .025    .455   .036
  13.943   .023    .397   .033
  14.090   .024    .441   .035
  13.900   .023    .402   .034
  13.591   .026    .402   .035
  13.359   .022    .377   .033
  12.784   .023    .307   .033
  14.883   .027    .451   .038
  15.071   .032    .479   .043
  14.414   .032    .616   .045
  14.332   .042    .430   .062
  15.323   .029    .386   .039
  14.740   .029    .477   .040
  13.131   .027    .362   .037
  18.064   .084    .975   .113
  16.708   .045    .440   .058
  12.800   .023    .399   .034
  18.232   .076    .459   .095
  15.855   .032    .525   .044
  13.355   .023    .394   .034
  13.989   .025    .409   .036
  12.257   .024    .431   .035
  15.128   .029    .489   .042
  13.659   .024    .409   .034
  14.093   .025    .383   .035
  14.832   .029    .417   .039
  14.568   .029    .383   .039
  15.537   .036    .402   .047
  14.807   .036    .454   .047
  14.654   .037    .359   .047
  13.725   .043    .321   .051
  15.100   .045    .329   .053
  15.340   .049    .312   .058
  10.539   .025    .332   .037
   9.626   .040    .834   .059
  13.707   .026    .406   .036
  14.523   .030    .469   .041
  15.336   .052    .382   .061
   9.613   .038    .793   .056
  10.244   .037    .769   .054
  10.197   .028    .005   .042
  12.527   .044    .404   .058
  14.985   .047    .364   .055
  15.739   .046    .406   .056
  14.565   .044    .424   .069
