 1225.640     52.634   1225.472     52.797    -12.756     0.0020    -10.966     0.0020     -6.985     -5.235
 1407.131     65.745   1406.884     65.914    -11.291     0.0030     -9.578     0.0020    -10.731    -11.142
 1472.566     97.759   1472.295     97.931    -11.477     0.0030     -9.852     0.0020    -10.646    -10.433
 1829.299    113.957   1829.070    114.103    -13.488     0.0010    -11.645     0.0010     -4.358     -2.075
  846.426    174.067    846.273    174.173    -11.699     0.0020    -10.157     0.0010     -9.466     -8.449
  798.904    179.487    798.776    179.596    -12.631     0.0010    -10.836     0.0010     -7.079     -5.732
 1979.180    183.895   1978.905    183.991    -11.540     0.0030    -10.002     0.0030    -11.675    -10.961
  368.223    192.161    368.284    192.285     -8.212     0.0200     -6.620     0.0140    -12.064    -13.903
  504.407    314.399    504.372    314.463    -12.133     0.0020    -10.365     0.0020     -9.068     -8.751
  812.624    318.522    812.468    318.556    -12.004     0.0020    -10.475     0.0010     -9.372     -7.661
  263.831    331.405    263.915    331.481     -8.748     0.0130     -7.028     0.0120    -11.713    -13.505
  871.145    360.515    871.194    360.435     -5.717     0.0620     -3.622     0.0690    -11.653    -13.366
 1382.381    401.133   1382.126    401.110    -10.234     0.0060     -8.677     0.0040    -11.409    -12.171
 1033.431    468.020   1033.244    467.944    -10.634     0.0050     -9.105     0.0030    -10.775    -11.505
  876.319    539.177    876.133    539.069    -11.392     0.0030     -9.885     0.0020    -10.137     -9.428
 1504.201    559.059   1503.987    558.956     -6.122     0.0520     -4.086     0.0440    -11.540    -13.125
 1035.602    584.614   1035.420    584.457    -11.533     0.0030     -9.996     0.0020     -7.893     -3.620
 1033.635    612.784   1033.440    612.615    -13.156     0.0020    -11.891     0.0020     -3.945      8.013
 1118.346    612.804   1118.140    612.625    -10.069     0.0100     -8.517     0.0050    -10.918    -11.633
  705.825    616.765    705.674    616.602    -11.998     0.0020    -10.688     0.0010     -8.801     -5.698
 1214.114    617.498   1213.880    617.334    -11.599     0.0030    -10.052     0.0020     -9.249     -7.256
  817.932    634.754    817.739    634.595    -11.608     0.0030    -10.072     0.0020     -9.745     -8.986
 1016.246    708.396   1016.068    708.181    -12.165     0.0040    -10.409     0.0030     -9.644     -7.937
  761.358    736.437    761.198    736.217     -9.856     0.0070     -8.227     0.0050    -10.095    -10.895
  558.628    739.364    558.495    739.163    -10.940     0.0040     -9.455     0.0030    -10.148    -10.513
  730.746    776.449    730.624    776.197    -13.701     0.0020    -11.870     0.0020     -0.511      5.359
  468.533    787.245    468.440    787.015    -11.576     0.0030     -9.980     0.0020     -9.570     -8.634
  929.666    812.075    929.449    811.807    -11.458     0.0030     -9.983     0.0020     -9.801     -9.018
 1164.435    849.101   1164.390    848.896     -6.572     0.0410     -4.437     0.0440    -10.898    -12.206
  491.976    866.823    491.836    866.545    -13.279     0.0010    -12.059     0.0020     -3.582      8.361
  846.472    906.558    846.303    906.261     -9.496     0.0090     -7.894     0.0060    -10.687    -11.679
  131.221    906.846    131.232    906.634    -13.760     0.0010    -11.921     0.0030     -0.216      6.017
  241.346    931.635    241.308    931.375     -8.678     0.0150     -7.001     0.0130    -11.338    -12.599
 1272.889    931.930   1272.663    931.625    -11.684     0.0020    -10.148     0.0020     -9.166     -8.019
 1012.261    953.429   1012.031    953.132    -10.988     0.0040     -9.454     0.0030     -9.849     -9.300
 1183.631    956.362   1183.401    956.072     -9.719     0.0080     -8.113     0.0060    -10.294    -10.955
 1348.784    986.856   1348.542    986.514    -10.748     0.0040     -9.197     0.0030     -9.176     -8.154
 1328.735   1000.986   1328.499   1000.674    -11.391     0.0030     -9.752     0.0030     -9.629     -8.833
 1129.985    990.605   1129.771    990.311    -11.406     0.0030     -9.882     0.0020     -9.498     -8.912
  976.146   1042.252    975.921   1041.919    -10.958     0.0030     -9.488     0.0030    -10.103     -9.692
 1047.663   1043.608   1047.452   1043.292    -11.532     0.0020    -10.008     0.0020     -9.361     -8.401
 1540.419   1098.072   1540.192   1097.768    -12.798     0.0020    -11.002     0.0020     -5.182     -2.718
 1581.234   1112.710   1580.970   1112.418    -11.965     0.0020    -10.439     0.0020     -7.380     -5.040
 1510.339   1142.419   1510.104   1142.105    -11.327     0.0030     -9.873     0.0020     -8.853     -7.677
 1434.208   1163.268   1433.979   1162.961    -11.457     0.0020     -9.941     0.0020     -8.665     -8.063
 1703.841   1186.677   1703.642   1186.381     -7.677     0.0250     -5.851     0.0210    -10.824    -11.940
  953.511   1238.854    953.316   1238.507    -11.584     0.0030    -10.032     0.0020     -9.272     -8.401
  397.985   1269.751    398.155   1269.414     -5.867     0.0630     -4.164     0.0490    -11.207    -12.650
 1378.793   1287.140   1378.575   1286.824    -11.148     0.0030     -9.627     0.0020     -9.710     -9.174
  697.950   1308.119    697.807   1307.735    -13.100     0.0020    -11.287     0.0020     -4.111     -0.708
 1653.964   1312.721   1653.737   1312.448    -11.822     0.0020    -10.197     0.0020     -3.495     -1.954
  669.548   1370.649    669.439   1370.234    -11.243     0.0030     -9.564     0.0030     -9.732    -10.085
 1286.977   1372.537   1286.765   1372.207    -11.554     0.0030    -10.067     0.0020     -9.027     -7.475
  483.358   1381.366    483.271   1380.920     -9.213     0.0100     -7.592     0.0070    -10.861    -12.091
  796.086   1382.355    795.900   1381.984    -11.435     0.0030     -9.907     0.0020    -10.011     -9.126
 1309.833   1402.661   1309.634   1402.354    -11.398     0.0030     -9.877     0.0020     -9.128     -7.873
 1801.328   1410.079   1801.080   1409.802     -8.516     0.0160     -6.832     0.0130    -10.675    -10.535
  718.305   1423.404    718.176   1422.984    -10.847     0.0040     -9.313     0.0030     -9.491     -9.132
  139.758   1496.234    139.660   1495.782     -8.686     0.0150     -7.016     0.0100    -11.069    -12.412
  683.374   1683.925    683.265   1683.502    -10.440     0.0050     -8.893     0.0040    -11.055    -11.369
 1349.056   1684.736   1348.888   1684.439    -11.843     0.0020    -10.098     0.0020     -9.338     -8.718
 1892.165   2280.936   1891.841   2280.659     -6.941     0.0360     -5.011     0.0330    -11.392    -12.195
 1928.446   2357.907   1927.997   2357.723     -6.144     0.0540     -4.080     0.0570    -11.379    -12.500
 1742.938   2552.693   1742.668   2552.174     -5.525     0.0810     -3.460     0.0750    -11.441    -12.418
 1100.142   2709.356   1099.941   2708.844     -8.346     0.0650     -6.528     0.0690    -10.462     -9.764
 1623.065   2715.747   1622.775   2715.531     -6.311     0.0490     -5.010     0.0330    -11.564    -12.447
 1081.558      7.945   1081.411      8.193     -8.297     0.0210     -6.742     0.0170    -12.535    -14.110
  152.820     18.418    152.631     18.602     -6.404     0.0500     -4.450     0.0440    -14.337    -16.022
  109.327     35.987    109.439     36.024     -7.423     0.0330     -5.430     0.0260    -16.406    -18.098
  355.403     58.879    355.442     59.062     -8.313     0.0210     -6.631     0.0140    -12.372    -13.894
 1452.556     60.745   1452.608     60.667     -5.972     0.0620     -3.846     0.0550    -11.837    -13.415
 1723.694     61.444   1723.433     61.627    -10.888     0.0040     -9.351     0.0030    -11.813    -11.400
 1615.857    100.617   1615.572    100.758     -8.017     0.0220     -6.364     0.0160    -12.280    -13.868
 1683.280    106.729   1683.007    106.902    -11.148     0.0030     -9.623     0.0030    -11.389    -10.990
 1026.724    127.166   1026.549    127.289     -8.513     0.0160     -6.822     0.0120    -11.808    -13.758
 1676.044    130.291   1675.699    130.307     -7.073     0.0380     -5.326     0.0290    -11.853    -12.501
  633.893    145.894    633.853    146.124     -6.482     0.0480     -4.473     0.0380    -11.819    -13.597
 1436.841    157.760   1436.605    157.866    -11.838     0.0020    -10.295     0.0020     -9.823     -8.881
 1551.243    162.116   1550.975    162.237     -8.728     0.0140     -6.917     0.0120    -12.020    -13.411
 1822.975    166.578   1822.797    166.664     -6.764     0.0440     -5.110     0.0280    -11.715    -13.013
  570.622    180.561    570.581    180.693    -13.005     0.0010    -11.193     0.0010     -5.908     -3.668
  890.216    198.556    890.058    198.648     -9.303     0.0120     -7.686     0.0070    -11.530    -12.577
 1257.692    212.685   1257.464    212.775    -10.149     0.0070     -8.593     0.0040    -11.648    -12.383
 1750.563    216.312   1750.280    216.385     -9.328     0.0110     -7.702     0.0080    -12.007    -12.940
  332.779    240.181    332.818    240.357     -7.860     0.0220     -6.138     0.0190    -11.892    -13.612
  987.824    245.846    987.632    245.941    -10.452     0.0050     -8.916     0.0030    -11.283    -12.161
 1434.452    257.207   1434.201    257.247    -10.402     0.0060     -8.868     0.0040    -11.488    -11.910
  439.801    257.792    439.792    257.870     -7.459     0.0280     -5.531     0.0250    -12.196    -13.900
  329.195    284.926    329.228    285.013    -10.461     0.0050     -8.918     0.0050    -11.458    -12.618
 1726.615    294.683   1726.293    294.696     -8.920     0.0130     -7.271     0.0100    -12.209    -13.444
 1985.904    302.617   1985.640    302.643     -7.783     0.0250     -5.990     0.0190    -12.242    -13.979
 1237.544    311.904   1237.419    311.882     -7.025     0.0320     -5.139     0.0310    -11.874    -13.359
  652.553    381.973    652.450    381.910    -10.720     0.0050     -9.181     0.0030    -10.873    -11.502
 1484.698    386.560   1484.415    386.427     -6.292     0.0430     -4.529     0.0450    -12.055    -13.467
  809.454    400.126    809.290    400.114    -11.664     0.0020    -10.127     0.0020     -9.909     -8.946
  828.955    429.967    828.784    429.897     -8.727     0.0140     -7.049     0.0090    -10.894    -11.589
  905.386    444.517    905.217    444.468     -6.932     0.0380     -4.895     0.0300    -11.619    -12.937
   16.797    445.562     16.957    445.587     -9.074     0.0130     -7.399     0.0100    -11.916    -13.361
 1228.229    455.353   1227.972    455.291     -9.768     0.0080     -8.195     0.0050    -11.350    -12.378
 1449.851    455.779   1449.578    455.716    -11.547     0.0030     -9.948     0.0020    -10.493    -10.123
  176.576    478.357    176.694    478.360    -11.993     0.0030    -10.221     0.0030     -9.044     -9.151
 1516.364    490.653   1516.080    490.555     -7.541     0.0260     -5.955     0.0210    -11.678    -13.207
  526.258    502.380    526.202    502.311     -8.951     0.0140     -7.301     0.0090    -11.048    -12.200
 1620.002    505.910   1619.765    505.855     -6.240     0.0510     -4.190     0.0430    -11.628    -13.026
 1946.112    517.203   1945.815    517.067     -9.651     0.0090     -8.061     0.0070    -11.389    -12.542
  988.103    525.652    987.956    525.532     -8.761     0.0130     -7.027     0.0110    -11.222    -12.432
 1571.891    533.157   1571.587    533.035     -9.299     0.0100     -7.623     0.0080    -11.510    -12.487
  614.274    540.075    614.163    539.968    -13.310     0.0010    -12.002     0.0020     -3.841      6.812
 1384.084    540.906   1383.818    540.802    -10.058     0.0070     -8.505     0.0050    -11.008    -12.119
  662.904    542.229    662.781    542.122    -10.552     0.0050     -9.038     0.0030    -10.006    -10.142
  371.116    545.300    371.023    545.278     -6.638     0.0440     -4.871     0.0340    -11.792    -13.649
  510.477    570.549    510.380    570.439    -11.046     0.0040     -9.487     0.0030    -10.084    -10.615
 1553.793    573.085   1553.479    572.947     -9.048     0.0120     -7.409     0.0100    -11.396    -12.754
  598.643    595.875    598.535    595.744     -8.996     0.0120     -7.349     0.0090    -10.731    -11.654
  148.605    609.597    148.677    609.559     -9.076     0.0110     -7.437     0.0100    -10.933    -12.865
  735.266    611.955    735.124    611.793     -8.504     0.0160     -6.801     0.0130    -10.503    -10.703
 1848.813    613.718   1848.621    613.549     -6.373     0.0490     -4.414     0.0440    -11.625    -12.948
 1415.609    618.204   1415.327    618.042     -9.640     0.0090     -8.045     0.0060    -11.029    -11.863
 1187.469    619.738   1187.251    619.566    -11.472     0.0030     -9.818     0.0030     -9.205     -8.166
 1386.962    626.771   1386.747    626.625     -7.996     0.0210     -6.235     0.0170    -10.948    -12.410
 1472.217    627.396   1471.956    627.239     -7.883     0.0220     -6.039     0.0180    -11.446    -12.687
 1708.331    642.807   1708.033    642.633     -8.750     0.0130     -7.079     0.0110    -11.260    -12.853
  597.496    647.246    597.371    647.090    -10.235     0.0060     -8.677     0.0040    -10.827    -11.323
  249.086    648.809    249.110    648.698    -11.168     0.0030     -9.631     0.0030    -10.113    -10.496
  185.300    651.157    185.352    651.037     -8.801     0.0130     -7.134     0.0100    -10.894    -12.788
  204.525    651.341    204.548    651.257     -7.562     0.0240     -5.966     0.0180    -10.844    -12.819
  474.360    664.621    474.269    664.462     -9.341     0.0100     -7.711     0.0070    -10.973    -12.697
 1921.828    668.696   1921.499    668.442     -6.678     0.0390     -4.724     0.0360    -10.961    -12.642
  856.547    673.897    856.417    673.703     -7.680     0.0240     -5.762     0.0190    -11.431    -12.726
  230.768    682.571    230.791    682.446    -10.533     0.0050     -8.982     0.0040    -10.509    -11.208
 1230.522    698.581   1230.344    698.385     -8.374     0.0170     -6.568     0.0150    -11.230    -11.962
  971.222    703.408    971.012    703.195    -11.544     0.0030    -10.006     0.0020     -9.297     -8.133
 1368.833    706.013   1368.785    705.668     -6.405     0.0510     -4.460     0.0380     -9.048    -10.593
 1947.010    712.033   1946.728    711.833    -11.091     0.0040     -9.556     0.0030    -10.162     -9.985
  812.613    712.685    812.441    712.458     -8.485     0.0150     -6.695     0.0120    -11.011    -12.310
  581.870    718.502    581.752    718.306     -9.349     0.0100     -7.724     0.0090    -10.680    -11.460
 1481.828    724.257   1481.634    724.160     -6.587     0.0410     -4.613     0.0380    -11.175    -12.778
 1716.218    731.389   1715.939    731.050     -6.390     0.0500     -4.486     0.0410    -11.713    -12.878
  621.798    734.114    621.664    733.905    -10.144     0.0060     -8.582     0.0040    -10.723    -11.480
 1652.583    750.250   1652.301    750.056    -11.318     0.0030     -9.608     0.0030     -9.987    -10.024
   62.450    763.683     62.502    763.548    -11.411     0.0030     -9.859     0.0040     -9.682    -10.137
 1244.808    771.998   1244.624    771.749     -8.496     0.0140     -6.781     0.0120    -10.703    -11.463
  607.969    777.783    607.819    777.635     -6.676     0.0430     -4.705     0.0380    -11.226    -12.430
  430.614    780.715    430.546    780.501     -9.247     0.0110     -7.601     0.0080    -10.085    -10.777
 1186.800    784.892   1186.594    784.613    -10.425     0.0050     -8.866     0.0030    -10.493    -10.781
 1634.467    787.610   1634.169    787.362     -8.424     0.0160     -6.676     0.0150    -10.923    -12.128
 1406.530    798.218   1406.270    797.952     -9.263     0.0110     -7.566     0.0090    -10.691    -11.654
  415.779    810.045    415.694    809.812    -11.431     0.0030     -9.896     0.0030     -9.747     -9.126
  795.774    822.288    795.610    822.034     -9.831     0.0070     -8.250     0.0050    -10.689    -11.265
  228.296    822.570    228.323    822.363     -7.602     0.0260     -5.771     0.0220    -10.782    -12.149
  511.068    828.457    510.932    828.197     -9.590     0.0080     -7.947     0.0060     -9.537     -9.650
 1275.790    846.391   1275.584    846.091     -9.493     0.0090     -8.001     0.0060    -10.903    -11.435
  280.426    847.233    280.380    846.998    -10.068     0.0070     -8.496     0.0050    -10.951    -11.762
  207.400    851.089    207.377    850.876    -11.490     0.0030     -9.948     0.0030     -9.597     -9.125
 1852.995    871.440   1852.652    871.184     -8.899     0.0140     -7.357     0.0100    -11.132    -12.053
 1607.021    871.537   1606.702    871.288     -7.043     0.0360     -5.204     0.0270    -10.993    -12.484
  952.375    884.149    952.131    883.879    -10.746     0.0040     -9.220     0.0030    -10.079     -9.603
 1112.788    905.375   1112.601    904.920     -6.280     0.0510     -4.249     0.0490    -10.478    -11.161
  987.031    909.121    986.793    908.826    -10.993     0.0030     -9.469     0.0030     -9.898     -9.208
 1057.606    913.314   1057.417    913.057     -8.059     0.0200     -6.308     0.0180     -9.050     -9.783
 1029.709    929.628   1029.465    929.335     -6.605     0.0420     -4.479     0.0450    -10.352    -10.503
  353.272    934.423    353.213    934.135    -10.971     0.0040     -9.424     0.0030    -10.594    -10.597
 1154.566    937.728   1154.333    937.452    -10.064     0.0060     -8.463     0.0050    -10.351    -10.815
 1608.806    945.017   1608.518    944.763    -10.105     0.0070     -8.566     0.0050    -10.916    -11.547
 1291.476    979.387   1291.210    979.082     -9.280     0.0110     -7.671     0.0070    -10.130    -10.967
  862.762    980.763    862.561    980.430     -9.161     0.0130     -7.522     0.0090     -9.363     -9.219
  866.359   1007.271    866.173   1006.933    -12.759     0.0020    -11.055     0.0020     -6.299     -3.028
  998.033   1017.922    997.867   1017.655     -7.995     0.0230     -6.265     0.0150    -10.395    -11.281
 1235.841   1024.506   1235.625   1024.126     -7.819     0.0230     -6.070     0.0170     -9.889    -11.047
 1116.643   1026.749   1116.425   1026.440     -9.900     0.0080     -8.231     0.0050    -10.209    -10.644
   94.117   1042.456     94.049   1042.188    -10.067     0.0070     -8.504     0.0050    -11.036    -12.102
 1893.615   1061.646   1893.357   1061.481     -7.852     0.0230     -6.098     0.0160    -10.856    -12.137
  685.197   1063.399    685.062   1063.179     -7.868     0.0250     -6.014     0.0230    -10.991    -12.357
  598.708   1064.613    598.568   1064.297     -8.013     0.0210     -6.467     0.0150    -10.798    -12.029
 1803.404   1067.557   1803.124   1067.292     -6.730     0.0400     -5.125     0.0250    -10.966    -12.034
  565.711   1071.081    565.560   1070.762    -10.937     0.0040     -9.403     0.0030    -10.542    -10.734
 1965.849   1073.968   1965.542   1073.639     -7.577     0.0290     -5.733     0.0220    -11.363    -12.490
 1113.172   1077.327   1112.989   1077.007     -8.538     0.0140     -6.839     0.0130    -10.718    -11.421
 1435.421   1077.667   1435.195   1077.351    -11.031     0.0030     -9.503     0.0030     -9.933     -9.762
 1905.600   1084.540   1905.295   1084.316    -10.038     0.0070     -8.460     0.0060    -10.596    -11.171
  264.778   1094.503    264.696   1094.159     -8.958     0.0130     -7.299     0.0090    -10.971    -11.753
  527.442   1100.380    527.316   1100.040    -10.178     0.0060     -8.601     0.0040    -10.979    -11.903
 1918.660   1100.845   1918.406   1100.651     -7.164     0.0320     -5.287     0.0260    -10.864    -11.738
 1009.125   1101.563   1008.925   1101.242     -9.029     0.0120     -7.384     0.0090    -10.913    -11.755
   66.755   1124.944     66.713   1124.596     -8.001     0.0200     -6.232     0.0160    -11.020    -13.071
 1732.957   1129.498   1732.696   1129.228    -11.123     0.0030     -9.581     0.0030     -9.973     -9.768
 1664.484   1136.560   1664.223   1136.344     -8.416     0.0170     -6.640     0.0140    -10.972    -12.176
 1545.108   1143.015   1544.869   1142.707    -11.039     0.0030     -9.505     0.0030     -7.746     -6.762
 1582.632   1152.368   1582.372   1152.080    -11.071     0.0030     -9.546     0.0030     -8.870     -7.703
 1500.377   1155.786   1500.366   1155.493     -6.566     0.0390     -4.579     0.0410     -9.668     -9.768
  766.400   1170.436    766.204   1170.095    -10.279     0.0060     -8.738     0.0040    -10.667    -11.195
  329.139   1173.281    329.011   1172.896    -10.360     0.0050     -8.819     0.0040    -10.493    -11.128
  650.446   1175.496    650.272   1175.142     -9.917     0.0070     -8.339     0.0040    -10.667    -11.293
 1085.184   1177.718   1085.097   1177.372     -7.381     0.0330     -5.581     0.0230    -10.849    -12.255
  899.852   1188.528    899.690   1188.187     -8.567     0.0150     -6.880     0.0120    -11.070    -12.155
   62.185   1196.814     62.096   1196.408     -6.479     0.0460     -4.975     0.0320    -11.901    -14.465
 1117.608   1207.237   1117.518   1206.797     -6.235     0.0520     -4.260     0.0480    -10.465    -11.860
 1215.017   1207.602   1214.791   1207.253    -10.537     0.0040     -9.007     0.0030    -10.297    -10.850
  944.545   1208.587    944.341   1208.227    -10.361     0.0050     -8.829     0.0030    -10.007    -10.320
 1316.180   1214.048   1315.858   1213.859     -5.366     0.0950     -3.257     0.0840    -10.890    -12.054
  819.795   1219.132    819.595   1218.777    -11.692     0.0020    -10.149     0.0020     -9.154     -8.151
 1371.835   1227.755   1371.618   1227.447    -11.652     0.0020    -10.002     0.0020     -8.818     -8.126
  599.767   1232.205    599.651   1231.828    -11.208     0.0030     -9.521     0.0030     -9.840    -10.039
 2027.533   1235.449   2027.183   1235.203    -10.798     0.0050     -9.257     0.0050     -9.974     -9.767
   57.240   1235.474     57.325   1235.026     -7.453     0.0290     -5.568     0.0220    -11.587    -13.704
  794.350   1239.195    794.174   1238.788     -8.629     0.0160     -6.862     0.0120     -9.682    -10.519
  778.312   1253.069    778.116   1252.706     -9.931     0.0070     -8.361     0.0050    -10.263    -11.001
 1578.591   1256.186   1578.370   1255.896    -11.500     0.0020     -9.980     0.0020     -8.748     -7.399
 1834.013   1265.138   1833.789   1264.867     -8.849     0.0130     -7.131     0.0110    -10.777    -11.811
 1396.680   1269.746   1396.498   1269.422     -8.442     0.0170     -6.661     0.0130    -10.098    -10.354
  821.096   1275.547    820.898   1275.189    -10.725     0.0040     -9.195     0.0030     -9.744     -9.490
 1551.889   1284.471   1551.653   1284.185    -10.301     0.0050     -8.757     0.0040     -9.792     -9.721
 1151.182   1300.694   1151.001   1300.349    -13.949     0.0020    -12.031     0.0030      2.464      8.506
 1119.984   1303.089   1119.619   1302.710     -6.647     0.0470     -4.499     0.0460     -7.517     -8.782
 1617.078   1307.727   1616.846   1307.448    -10.073     0.0060     -8.472     0.0050     -8.783     -8.739
  460.840   1307.908    461.011   1307.453     -6.589     0.0430     -4.676     0.0400    -11.173    -12.641
  810.035   1309.535    809.846   1309.168    -11.062     0.0030     -9.541     0.0020     -9.710     -9.260
  902.819   1313.891    902.647   1313.488     -8.086     0.0180     -6.239     0.0160    -10.954    -12.126
  720.792   1319.088    720.625   1318.702    -11.064     0.0040     -9.532     0.0030     -7.238     -6.451
 1824.452   1329.089   1824.188   1328.812    -10.769     0.0040     -9.226     0.0040    -10.042    -10.225
 1019.533   1329.815   1019.329   1329.512     -6.337     0.0490     -4.263     0.0490    -11.276    -12.472
   67.903   1334.920     67.799   1334.510    -10.677     0.0050     -9.111     0.0040    -10.375    -10.997
 1153.714   1362.853   1153.484   1362.501     -9.879     0.0080     -8.367     0.0040     -9.926    -10.687
  103.142   1366.955    103.044   1366.521     -8.794     0.0120     -7.125     0.0110    -10.812    -12.143
  299.198   1368.941    299.078   1368.508    -11.401     0.0030     -9.868     0.0030     -9.791     -9.080
  956.861   1393.718    956.644   1393.365    -10.088     0.0060     -8.540     0.0040    -11.052    -11.614
 1042.291   1394.430   1042.166   1394.033     -6.559     0.0450     -4.572     0.0390    -11.408    -12.407
 1049.116   1410.946   1049.101   1410.550     -6.839     0.0370     -4.939     0.0340    -11.187    -12.547
 1020.926   1403.390   1020.753   1403.031     -8.841     0.0130     -7.186     0.0090    -11.083    -12.347
 1742.148   1415.669   1741.908   1415.397    -13.141     0.0020    -11.699     0.0020     -4.352      4.140
  277.124   1416.680    276.930   1416.127     -6.243     0.0490     -4.331     0.0460    -10.953    -12.399
  843.782   1453.880    843.590   1453.514     -9.917     0.0070     -8.397     0.0040    -10.710    -11.791
  604.094   1460.964    604.009   1460.518    -10.626     0.0050     -9.105     0.0030    -10.640    -11.645
  538.321   1473.251    538.260   1472.820    -10.706     0.0050     -8.913     0.0040    -10.824    -11.714
 1183.582   1496.918   1183.422   1496.557     -7.512     0.0270     -5.897     0.0190    -11.142    -12.410
  736.543   1501.256    736.439   1500.814    -10.596     0.0050     -9.060     0.0030     -9.944     -9.806
  350.509   1504.453    350.413   1503.990    -13.724     0.0010    -11.881     0.0030     -0.269      5.714
 1364.904   1505.576   1364.811   1505.388     -6.507     0.0500     -4.481     0.0390    -11.183    -12.096
 1500.115   1509.754   1499.875   1509.472    -11.011     0.0040     -9.472     0.0020     -9.822    -10.112
 1338.996   1514.950   1338.782   1514.662     -9.105     0.0110     -7.468     0.0070    -11.314    -12.250
 1098.196   1517.355   1097.995   1517.028    -10.324     0.0060     -8.782     0.0030    -10.296    -10.545
  310.964   1520.613    310.922   1520.203     -7.758     0.0260     -5.923     0.0180     -9.312    -10.839
  741.501   1522.549    741.399   1522.111     -9.348     0.0090     -7.728     0.0070    -10.460    -11.321
  187.781   1523.944    187.655   1523.509     -7.632     0.0250     -5.973     0.0170    -11.566    -12.939
   47.038   1525.178     46.904   1524.701    -10.059     0.0080     -8.493     0.0070    -10.875    -12.384
 1122.592   1526.013   1122.387   1525.679     -9.359     0.0100     -7.752     0.0060    -10.662    -11.294
  835.987   1540.576    835.846   1540.174     -8.824     0.0130     -7.104     0.0090    -10.967    -12.261
 1584.266   1541.137   1584.062   1540.796     -9.168     0.0150     -7.497     0.0140    -10.408    -10.187
 1050.803   1543.759   1050.612   1543.413    -10.446     0.0050     -8.904     0.0030    -10.447    -11.049
 1074.719   1548.664   1074.537   1548.169     -6.095     0.0570     -4.361     0.0390    -10.594    -11.509
 1026.096   1576.696   1025.911   1576.390     -8.253     0.0200     -6.454     0.0140    -11.018    -12.105
  218.677   1593.784    218.584   1593.303     -7.666     0.0260     -5.877     0.0170    -11.655    -13.130
   14.379   1597.582     14.251   1597.030     -7.883     0.0250     -6.145     0.0170    -11.273    -13.066
 1514.613   1615.040   1514.367   1614.761     -9.672     0.0080     -8.086     0.0060    -10.865    -11.623
 1142.335   1648.950   1142.163   1648.622    -10.851     0.0040     -9.323     0.0030    -10.232    -10.326
  180.676   1658.786    180.610   1658.214     -7.195     0.0340     -5.367     0.0250    -11.414    -13.097
  256.863   1659.641    256.747   1659.232     -6.617     0.0410     -4.638     0.0380    -11.545    -13.116
 1090.978   1664.684   1090.811   1664.332    -10.228     0.0060     -8.626     0.0040    -10.732    -11.275
 1530.673   1671.404   1530.449   1671.122    -10.795     0.0040     -9.275     0.0030    -10.381    -10.164
  930.086   1676.561    929.948   1676.148     -9.423     0.0100     -7.821     0.0070    -11.337    -12.271
  819.842   1690.558    819.741   1690.132    -10.654     0.0050     -9.111     0.0040    -10.716    -10.750
 1607.068   1695.819   1606.984   1695.319     -6.114     0.0520     -4.070     0.0490    -10.976    -11.947
 1078.121   1698.262   1077.989   1697.863     -7.155     0.0300     -5.128     0.0320    -11.175    -11.992
  890.039   1699.788    889.975   1699.358     -8.689     0.0140     -7.028     0.0100    -11.096    -12.203
   58.991   1703.629     58.881   1703.139     -7.490     0.0240     -5.909     0.0200    -11.113    -12.604
  856.235   1707.116    856.135   1706.666     -8.660     0.0140     -6.945     0.0110    -11.052    -12.036
 1483.000   1728.680   1482.813   1728.395     -8.859     0.0130     -7.204     0.0090    -11.251    -12.137
  492.534   1730.563    492.432   1730.106     -9.322     0.0090     -7.702     0.0090    -11.236    -12.463
  312.526   1734.314    312.429   1733.843    -10.343     0.0060     -8.793     0.0040     -9.957     -9.887
 1617.203   1735.868   1616.974   1735.610     -8.343     0.0160     -6.730     0.0140    -10.966    -12.223
  295.056   1747.423    294.962   1746.947    -11.650     0.0040    -10.046     0.0030     -9.386     -8.327
 1294.667   1771.561   1294.479   1771.224     -7.841     0.0190     -6.069     0.0190    -10.894    -11.276
 1968.338   1793.814   1968.048   1793.544    -10.178     0.0070     -8.584     0.0060    -10.520    -11.017
  634.141   1800.423    634.042   1799.995    -10.900     0.0050     -9.354     0.0040    -10.462    -10.518
  269.561   1809.956    269.478   1809.471     -9.171     0.0100     -7.541     0.0090    -10.937    -12.004
  923.220   1828.648    923.118   1828.245    -10.467     0.0060     -8.930     0.0040    -11.009    -11.188
 1577.667   1839.562   1577.442   1839.280    -10.676     0.0040     -9.127     0.0040    -10.432    -10.881
  404.562   1848.204    404.482   1847.749    -10.375     0.0060     -8.826     0.0050    -10.634    -11.021
  918.214   1851.105    918.166   1850.709     -8.579     0.0150     -6.816     0.0130    -11.499    -12.851
  526.048   1866.250    525.955   1865.795    -10.178     0.0060     -8.579     0.0060    -11.024    -11.415
  701.342   1870.004    701.501   1869.521     -6.468     0.0420     -4.599     0.0380    -11.456    -12.813
  409.635   1893.138    409.628   1892.687     -8.221     0.0180     -6.572     0.0130    -11.111    -12.708
 1517.061   1893.974   1516.898   1893.653     -8.058     0.0190     -6.442     0.0150    -11.236    -12.126
 1740.932   1895.726   1740.686   1895.448    -12.900     0.0010    -11.564     0.0030     -5.629      1.412
  285.906   1904.016    285.982   1903.384     -6.601     0.0370     -4.654     0.0400    -11.322    -12.942
  543.569   1908.150    543.596   1907.918     -7.036     0.0320     -5.141     0.0290    -11.134    -12.281
 1606.911   1908.726   1606.704   1908.441    -11.566     0.0030    -10.012     0.0030     -9.510     -8.632
  407.128   1933.709    407.066   1933.238     -9.239     0.0110     -7.600     0.0090    -11.216    -12.350
  588.968   1940.933    588.925   1940.498     -9.668     0.0080     -7.961     0.0070    -11.134    -12.459
  318.954   1942.307    318.976   1941.857     -7.504     0.0240     -5.684     0.0200    -11.245    -12.574
 1233.020   1954.807   1232.910   1954.470     -8.688     0.0140     -7.144     0.0100    -11.299    -12.193
 1047.317   1955.545   1047.225   1955.123     -7.898     0.0220     -6.130     0.0170    -11.338    -12.095
  665.055   1960.975    665.182   1960.581     -6.915     0.0340     -5.085     0.0280    -11.097    -12.732
 1692.935   1961.129   1692.711   1960.850     -9.257     0.0110     -7.635     0.0080    -11.428    -12.185
 1023.781   1965.602   1023.687   1965.223    -10.916     0.0040     -9.365     0.0030    -10.829    -10.696
 1238.205   1988.067   1238.084   1987.703    -10.717     0.0040     -9.173     0.0040    -10.761    -11.159
  946.123   1991.228    946.020   1990.857     -9.493     0.0100     -7.865     0.0090    -11.306    -11.671
  924.602   1992.018    924.516   1991.633    -11.569     0.0030    -10.011     0.0040    -10.609     -9.627
 1144.494   2004.201   1144.453   2003.853     -7.472     0.0280     -5.654     0.0240    -11.291    -12.727
  814.625   2014.929    814.552   2014.546    -11.496     0.0040     -9.867     0.0040    -10.289     -9.573
 1050.252   2023.535   1050.167   2023.166     -9.603     0.0080     -8.016     0.0060    -11.364    -12.482
  650.396   2026.295    650.550   2025.895     -6.473     0.0440     -4.791     0.0320    -11.534    -12.834
  270.242   2033.837    270.175   2033.352     -9.439     0.0100     -7.812     0.0080    -11.376    -12.516
   26.896   2062.242     26.796   2061.733    -11.468     0.0060     -9.800     0.0060     -9.778     -9.288
 1907.940   2064.568   1907.644   2064.266     -9.581     0.0100     -7.928     0.0080    -10.760    -11.557
  629.373   2072.295    629.319   2071.874     -9.394     0.0110     -7.778     0.0080    -11.250    -12.251
 1532.072   2087.657   1531.872   2087.342    -10.773     0.0040     -9.216     0.0040    -10.556    -10.743
 1597.969   2096.732   1597.822   2096.418     -7.591     0.0250     -5.854     0.0190    -11.309    -12.533
 1122.516   2101.589   1122.428   2101.185     -8.089     0.0200     -6.312     0.0150    -11.839    -12.778
 1152.102   2106.130   1152.009   2105.765    -10.443     0.0050     -8.910     0.0050    -11.245    -11.692
 1078.219   2124.950   1078.124   2124.590     -8.622     0.0150     -6.965     0.0120    -11.693    -12.919
 1190.459   2126.042   1190.386   2125.688     -8.509     0.0170     -6.821     0.0120    -11.494    -12.912
  419.842   2147.528    419.826   2147.050    -11.357     0.0040     -9.611     0.0050    -10.011     -9.653
  866.061   2208.767    866.023   2208.358     -9.577     0.0090     -7.963     0.0070    -11.529    -12.661
 1468.746   2217.662   1468.610   2217.306     -8.036     0.0200     -6.216     0.0170    -11.614    -12.450
 1705.945   2218.675   1705.748   2218.358     -7.993     0.0210     -6.152     0.0190    -10.904    -12.281
  581.046   2226.808    581.027   2226.354    -10.105     0.0070     -8.544     0.0060    -10.999    -11.227
  501.612   2234.568    501.631   2234.107     -9.564     0.0090     -7.931     0.0080    -11.165    -11.766
  150.621   2245.568    150.568   2245.052    -10.571     0.0080     -9.029     0.0070    -10.731    -10.966
  320.933   2256.295    320.910   2255.813     -9.190     0.0120     -7.560     0.0090    -11.394    -12.713
  846.218   2259.178    846.218   2258.776     -8.277     0.0190     -6.569     0.0160    -11.577    -12.815
  602.432   2281.717    602.411   2281.266     -8.919     0.0130     -7.381     0.0100    -11.333    -12.213
  641.905   2296.332    641.877   2295.880    -10.686     0.0060     -9.152     0.0060    -10.926    -10.698
 1830.938   2340.060   1830.672   2339.729    -10.620     0.0080     -9.050     0.0070    -10.882    -11.076
 1040.406   2352.677   1040.343   2352.314     -9.054     0.0130     -7.425     0.0100    -11.373    -12.432
 1290.848   2358.584   1290.748   2358.267    -10.926     0.0050     -9.387     0.0060    -10.640    -10.531
 1975.135   2362.686   1974.907   2362.528     -6.629     0.0390     -4.867     0.0340    -10.843    -11.959
  892.512   2364.106    892.523   2363.660     -8.851     0.0130     -7.198     0.0110    -11.381    -12.557
 1094.905   2401.478   1094.883   2401.101     -8.607     0.0150     -6.953     0.0120    -11.211    -12.066
  953.792   2423.635    953.940   2423.351     -5.973     0.0610     -3.716     0.0530    -11.683    -12.964
 1936.876   2505.423   1936.652   2505.062     -7.762     0.0240     -5.992     0.0200    -11.177    -12.443
  623.981   2523.579    624.051   2523.053     -7.828     0.0240     -5.929     0.0200    -11.505    -12.993
 1532.484   2528.438   1532.390   2528.070     -5.998     0.0560     -4.452     0.0410    -11.266    -12.862
  910.164   2590.294    910.189   2589.890     -9.677     0.0110     -8.094     0.0090    -11.476    -11.815
 1726.699   2597.323   1726.500   2597.007     -7.640     0.0250     -5.798     0.0220    -11.114    -11.859
 1238.216   2602.209   1238.140   2601.885    -10.611     0.0070     -9.094     0.0080    -11.030    -11.190
 2029.108   2619.976   2028.734   2619.549     -7.793     0.0230     -6.253     0.0180    -11.122    -12.062
  394.220   2634.535    394.142   2634.095     -8.067     0.0250     -6.355     0.0200    -11.684    -12.758
  319.062   2648.190    319.047   2647.698     -9.407     0.0120     -7.793     0.0100    -11.485    -12.429
  153.654   2649.671    153.632   2649.137     -8.877     0.0160     -7.227     0.0120    -11.363    -12.661
  487.280   2688.565    487.304   2688.069     -9.828     0.0100     -8.050     0.0100    -11.241    -12.498
    5.599   2696.874      5.510   2696.406     -7.426     0.0310     -5.618     0.0260    -11.396    -12.952
 1679.554   2771.967   1679.357   2771.615     -7.746     0.0220     -5.962     0.0230    -11.592    -12.465
  413.697   2837.816    413.730   2837.213     -7.418     0.0300     -5.578     0.0240    -11.641    -12.908
   35.749   2880.329     35.660   2879.793     -6.997     0.0320     -5.102     0.0290    -11.371    -12.812
  259.440   2996.940    259.317   2996.560     -6.173     0.0490     -4.675     0.0340    -11.627    -13.017
 1696.173   3015.488   1695.870   3015.088     -6.957     0.0380     -5.063     0.0320    -11.474    -12.451
 1866.716   3019.862   1866.384   3019.448     -7.865     0.0260     -6.117     0.0190    -11.487    -12.255
 1656.009   3031.123   1655.825   3030.595     -7.555     0.0280     -5.768     0.0260    -11.774    -12.492
  697.756   3070.784    697.815   3070.249     -8.986     0.0170     -7.419     0.0140    -11.600    -12.718
  582.422   3074.123    582.413   3073.658     -7.025     0.0310     -5.131     0.0310    -11.689    -12.785
  154.192   3172.777    154.016   3172.313     -7.165     0.0320     -5.330     0.0310    -11.585    -12.736
 1991.241   3235.183   1990.873   3234.565     -7.078     0.0310     -5.271     0.0300    -11.348    -12.211
  602.623   3299.254    602.676   3298.726     -8.662     0.0180     -7.102     0.0170    -11.706    -13.204
  631.345   3306.707    631.403   3306.307     -5.910     0.0500     -4.172     0.0500    -11.796    -13.442
  344.833   3323.864    344.788   3323.437     -7.091     0.0330     -5.270     0.0270    -11.602    -12.853
  633.135   3343.393    633.267   3342.848     -7.335     0.0300     -5.506     0.0280    -12.071    -13.327
  230.873   3452.529    230.845   3451.973     -7.450     0.0280     -5.633     0.0250    -11.993    -13.116
 2036.183   3514.385   2035.893   3513.640     -6.811     0.0400     -5.342     0.0320    -11.341    -12.131
 1458.237   3649.248   1458.178   3648.502     -8.072     0.0260     -6.485     0.0250    -11.870    -12.988
  903.142   3702.221    903.116   3701.476     -7.001     0.0360     -5.091     0.0350    -12.047    -12.937
   89.040   3833.038     88.775   3832.533     -5.732     0.0650     -3.669     0.0630    -11.797    -12.779
 1192.813   4021.809   1192.754   4021.207     -5.796     0.0650     -3.815     0.0540    -12.045    -13.262
 1201.050    322.630   1200.825    322.676    -10.529     0.0060     -8.964     0.0040    -11.401    -11.893
 1946.229    876.705   1945.919    876.484    -12.942     0.0020    -11.726     0.0010     -5.300      4.933
 1115.642    988.317   1115.452    988.009     -7.243     0.0320     -5.394     0.0270    -10.089     -9.949
 1341.801    989.787   1341.560    989.504    -10.454     0.0060     -8.917     0.0040     -8.948     -7.881
 1191.313   1046.979   1191.117   1046.673    -13.775     0.0020    -11.958     0.0040      0.638      7.070
  358.494   1102.045    358.408   1101.689    -12.932     0.0020    -11.367     0.0020     -5.580     -1.045
 1378.024   1173.571   1377.786   1173.259    -12.093     0.0040    -10.634     0.0040     -8.164     -5.539
 1814.334   1409.796   1814.054   1409.540     -8.962     0.0130     -7.320     0.0100    -10.900    -11.063
 1351.166   1550.715   1350.893   1550.527     -5.841     0.0630     -3.690     0.0550    -11.363    -12.362
 1177.098   1712.022   1176.954   1711.695    -12.664     0.0020    -11.236     0.0020     -6.938     -1.891
  386.353   1972.645    386.194   1972.382     -5.726     0.0620     -3.557     0.0590    -11.468    -12.848
  109.401   2050.869    109.246   2050.327     -7.042     0.0300     -5.127     0.0280    -11.568    -12.410
  444.323   2256.374    444.331   2255.890    -12.242     0.0040    -10.689     0.0030     -8.381     -4.726
 1995.451   2342.499   1995.084   2342.190     -9.818     0.0110     -8.217     0.0090    -10.991    -11.513
   92.512   2375.700     92.461   2375.133     -7.053     0.0500     -5.386     0.0370    -11.525    -12.370
   95.877   2379.847     95.769   2379.306     -8.061     0.0250     -6.450     0.0170    -11.420    -12.385
 1744.465   2391.541   1744.256   2391.172     -9.517     0.0180     -7.937     0.0170    -11.323    -11.619
 1182.828   2423.965   1182.757   2423.672    -11.597     0.0100    -10.074     0.0140     -9.543     -8.375
  824.473   2448.093    824.452   2447.774     -5.899     0.0590     -3.771     0.0570    -11.537    -12.759
  995.683   2504.159    995.717   2503.777    -11.315     0.0050     -9.623     0.0070    -10.528    -10.323
   56.163   2522.765     56.088   2522.260    -10.200     0.0100     -8.661     0.0080    -10.945    -11.733
 1688.847   2599.890   1688.600   2599.583    -10.302     0.0080     -8.773     0.0090    -10.739    -11.004
   37.811   2673.866     37.729   2673.385    -10.583     0.0100     -9.011     0.0090    -10.685    -11.314
  183.667   2848.059    183.810   2847.733     -6.355     0.0440     -4.695     0.0370    -11.684    -13.101
  403.666   2885.671    403.749   2885.113     -6.403     0.0480     -4.465     0.0370    -11.456    -12.935
 1260.798   2905.592   1260.812   2905.143    -11.382     0.0080     -9.878     0.0110    -10.373     -9.424
  136.575   2923.525    136.550   2923.062     -6.972     0.0360     -5.088     0.0260    -11.552    -12.796
 1414.261   2987.585   1414.151   2987.063     -8.791     0.0180     -7.091     0.0150    -11.564    -12.567
 1472.112   3001.318   1472.025   3000.811     -8.764     0.0170     -7.101     0.0150    -11.617    -12.173
  218.959   3005.431    218.928   3004.902     -8.918     0.0160     -7.375     0.0130    -11.386    -12.604
   12.964   3042.055     12.822   3041.611     -9.476     0.0160     -7.876     0.0140    -11.954    -13.011
 1219.058   3081.126   1219.118   3080.570     -9.546     0.0140     -7.898     0.0130    -11.734    -12.085
 1379.408   3083.187   1379.359   3082.653     -8.725     0.0170     -7.072     0.0160    -11.393    -12.333
  122.362   3086.400    122.300   3085.942     -9.762     0.0140     -8.122     0.0140    -11.122    -12.373
 1054.874   3090.036   1054.985   3089.450    -11.162     0.0100     -9.623     0.0130    -10.419    -10.035
 1687.235   3170.152   1687.046   3169.542     -8.555     0.0170     -6.898     0.0190    -11.838    -12.538
 1036.073   3238.693   1036.170   3238.080     -9.740     0.0140     -8.180     0.0140    -11.388    -12.355
  799.049   3265.697    799.126   3264.979     -6.045     0.0520     -4.214     0.0480    -11.745    -12.796
 1689.346   3709.308   1689.444   3708.770     -5.786     0.0680     -4.050     0.0540    -11.876    -12.791
 1271.235   3778.378   1271.162   3777.705     -8.075     0.0290     -6.521     0.0270    -12.179    -12.881
  554.410   3810.276    554.426   3809.756     -6.810     0.0430     -5.045     0.0360    -11.938    -12.742
 1880.000      4.872   1879.737      5.102    -10.865     0.0050     -9.324     0.0050    -14.035    -14.067
 1582.154    667.285   1581.839    667.073    -11.567     0.0170    -10.062     0.0110    -11.011    -10.169
 1322.607    729.563   1322.407    729.339    -14.586     0.0060    -12.642     0.0040     12.367     23.201
  213.170   1146.026    213.050   1145.690    -13.031     0.0030    -11.600     0.0030     -5.141      1.382
  442.028   1193.152    441.951   1192.707    -10.285     0.0110     -8.727     0.0090    -10.575    -11.533
 1673.604   1277.549   1673.406   1277.275    -14.550     0.0060    -12.561     0.0030     13.285     23.332
  386.081   1822.593    386.038   1822.109     -8.459     0.0170     -6.675     0.0150    -11.160    -12.130
 1036.731   2101.873   1036.717   2101.502    -10.703     0.0160     -9.139     0.0050    -11.199    -11.593
 1783.274   2596.075   1783.021   2595.737    -11.512     0.0070    -10.033     0.0080     -9.729     -8.833
  443.259   2667.585    443.249   2667.006     -9.190     0.0190     -7.551     0.0160    -11.411    -12.420
 1501.824   3206.405   1501.721   3205.791    -11.366     0.0140     -9.851     0.0160    -10.377     -9.497
  236.604   3339.255    236.504   3338.751     -7.074     0.0310     -5.250     0.0280    -12.022    -13.419
 1131.907   3517.032   1131.927   3516.343    -10.886     0.0190     -9.341     0.0200    -11.075    -10.980
  395.454   3642.581    395.393   3642.040     -8.807     0.0230     -7.181     0.0230    -11.791    -12.647
 1054.894   3660.509   1054.872   3659.824    -10.680     0.0220     -9.205     0.0210    -11.221    -11.456
  509.442   3683.341    509.450   3682.802     -9.500     0.0200     -7.858     0.0200    -11.660    -12.388
  797.669   3760.205    797.656   3759.605     -9.684     0.0220     -8.126     0.0220    -11.594    -12.270
 1845.505   3821.862   1845.406   3821.024     -7.539     0.0690     -6.073     0.0680    -11.660    -12.331
 1637.131   3837.385   1637.005   3836.611     -9.258     0.0280     -7.715     0.0250    -11.710    -12.193
   72.357   3910.130     72.288   3909.692     -9.373     0.0270     -7.785     0.0260    -11.638    -12.740
    4.977   3993.479      4.717   3993.081     -9.041     0.0300     -7.511     0.0270    -12.022    -12.788
  701.443   4084.501    701.507   4083.923     -7.652     0.0300     -5.967     0.0320    -11.271    -12.099
 1026.920    703.179   1026.707    702.954    -10.925     0.0050     -9.385     0.0040     -8.309     -6.485
 1072.126    868.901   1071.741    868.788    -13.747     0.0070    -12.120     0.0060      0.217     12.443
 1733.549   1411.810   1733.289   1411.540    -11.405     0.0040     -9.896     0.0050     -4.983      0.826
  725.510   1460.205    725.396   1459.770    -12.015     0.0050    -10.431     0.0050     -8.042     -6.179
  926.053   1684.233    925.982   1683.928     -6.967     0.0360     -5.057     0.0330    -11.213    -12.005
 1846.188   2762.800   1845.803   2762.249     -9.965     0.0370     -8.368     0.0350    -10.830    -11.093
 1850.733   2865.126   1850.422   2864.727    -11.794     0.0260    -10.187     0.0120     -8.672     -7.585
 1015.428   3821.715   1015.488   3821.065    -10.610     0.0250     -9.091     0.0230    -11.343    -11.538
   61.137   3959.391     61.102   3958.978     -8.647     0.0280     -6.975     0.0270    -12.144    -13.085
  181.846   4001.220    181.667   4000.762    -11.337     0.0260     -9.811     0.0230    -10.766     -9.767
 1125.193    620.878   1125.376    620.952     -6.036     0.0600     -4.505     0.0420    -10.809    -11.791
 1033.984    697.845   1033.757    697.598     -8.418     0.0220     -6.746     0.0200     -9.367     -8.586
 1865.491   4054.310   1865.334   4053.588     -9.039     0.0340     -7.419     0.0330    -11.718    -12.253
    7.736    235.827      7.822    235.906    -11.499     0.0050     -9.932     0.0050    -11.111    -10.869
 1028.275    715.161   1028.337    714.850     -6.535     0.0620     -4.629     0.0600     -9.083     -7.308
